{"/Users/maxjr/Downloads/DEV/the-best-app/config/jest/jestEmptyComponent.tsx": {"path":"/Users/maxjr/Downloads/DEV/the-best-app/config/jest/jestEmptyComponent.tsx","statementMap":{"0":{"start":{"line":4,"column":27},"end":{"line":6,"column":1}},"1":{"start":{"line":5,"column":2},"end":{"line":5,"column":17}}},"fnMap":{"0":{"name":"(anonymous_0)","decl":{"start":{"line":4,"column":27},"end":{"line":4,"column":28}},"loc":{"start":{"line":4,"column":39},"end":{"line":6,"column":1}},"line":4}},"branchMap":{},"s":{"0":1,"1":5},"f":{"0":5},"b":{},"_coverageSchema":"1a1c01bbd47fc00a2c39e90264f33305004495a9","hash":"2a27a5adbaaac16ab3ccd95e495fed28042dc5b3"}
,"/Users/maxjr/Downloads/DEV/the-best-app/src/app/providers/themeProvider/index.tsx": {"path":"/Users/maxjr/Downloads/DEV/the-best-app/src/app/providers/themeProvider/index.tsx","statementMap":{},"fnMap":{},"branchMap":{},"s":{},"f":{},"b":{},"_coverageSchema":"1a1c01bbd47fc00a2c39e90264f33305004495a9","hash":"26b77c7c474719c865913c6125a1d388f19efcad"}
,"/Users/maxjr/Downloads/DEV/the-best-app/src/app/providers/themeProvider/lib/ThemeContext.ts": {"path":"/Users/maxjr/Downloads/DEV/the-best-app/src/app/providers/themeProvider/lib/ThemeContext.ts","statementMap":{"0":{"start":{"line":13,"column":28},"end":{"line":13,"column":64}},"1":{"start":{"line":15,"column":39},"end":{"line":15,"column":46}}},"fnMap":{},"branchMap":{},"s":{"0":1,"1":1},"f":{},"b":{},"_coverageSchema":"1a1c01bbd47fc00a2c39e90264f33305004495a9","hash":"b4e761aaf35a83e165ce09870cff4d8be9d48a22"}
,"/Users/maxjr/Downloads/DEV/the-best-app/src/app/providers/themeProvider/lib/useTheme.ts": {"path":"/Users/maxjr/Downloads/DEV/the-best-app/src/app/providers/themeProvider/lib/useTheme.ts","statementMap":{"0":{"start":{"line":10,"column":30},"end":{"line":10,"column":54}},"1":{"start":{"line":11,"column":22},"end":{"line":15,"column":3}},"2":{"start":{"line":12,"column":21},"end":{"line":12,"column":69}},"3":{"start":{"line":13,"column":4},"end":{"line":13,"column":23}},"4":{"start":{"line":14,"column":4},"end":{"line":14,"column":60}},"5":{"start":{"line":16,"column":2},"end":{"line":16,"column":32}}},"fnMap":{"0":{"name":"useTheme","decl":{"start":{"line":9,"column":16},"end":{"line":9,"column":24}},"loc":{"start":{"line":9,"column":43},"end":{"line":17,"column":1}},"line":9},"1":{"name":"(anonymous_1)","decl":{"start":{"line":11,"column":22},"end":{"line":11,"column":23}},"loc":{"start":{"line":11,"column":28},"end":{"line":15,"column":3}},"line":11}},"branchMap":{"0":{"loc":{"start":{"line":12,"column":21},"end":{"line":12,"column":69}},"type":"cond-expr","locations":[{"start":{"line":12,"column":45},"end":{"line":12,"column":55}},{"start":{"line":12,"column":58},"end":{"line":12,"column":69}}],"line":12}},"s":{"0":1,"1":1,"2":0,"3":0,"4":0,"5":1},"f":{"0":1,"1":0},"b":{"0":[0,0]},"_coverageSchema":"1a1c01bbd47fc00a2c39e90264f33305004495a9","hash":"2e37b3be31ee974e965a4ee85e8a175d20fd5e2c"}
,"/Users/maxjr/Downloads/DEV/the-best-app/src/app/providers/themeProvider/ui/ThemeProvider.tsx": {"path":"/Users/maxjr/Downloads/DEV/the-best-app/src/app/providers/themeProvider/ui/ThemeProvider.tsx","statementMap":{"0":{"start":{"line":9,"column":2},"end":{"line":9,"column":73}},"1":{"start":{"line":15,"column":46},"end":{"line":31,"column":1}},"2":{"start":{"line":16,"column":28},"end":{"line":16,"column":57}},"3":{"start":{"line":18,"column":23},"end":{"line":24,"column":3}},"4":{"start":{"line":19,"column":11},"end":{"line":22,"column":5}},"5":{"start":{"line":26,"column":2},"end":{"line":30,"column":4}}},"fnMap":{"0":{"name":"(anonymous_0)","decl":{"start":{"line":15,"column":46},"end":{"line":15,"column":47}},"loc":{"start":{"line":15,"column":64},"end":{"line":31,"column":1}},"line":15},"1":{"name":"(anonymous_1)","decl":{"start":{"line":19,"column":4},"end":{"line":19,"column":5}},"loc":{"start":{"line":19,"column":11},"end":{"line":22,"column":5}},"line":19}},"branchMap":{"0":{"loc":{"start":{"line":9,"column":2},"end":{"line":9,"column":73}},"type":"binary-expr","locations":[{"start":{"line":9,"column":3},"end":{"line":9,"column":57}},{"start":{"line":9,"column":62},"end":{"line":9,"column":73}}],"line":9}},"s":{"0":1,"1":1,"2":0,"3":0,"4":0,"5":0},"f":{"0":0,"1":0},"b":{"0":[1,1]},"_coverageSchema":"1a1c01bbd47fc00a2c39e90264f33305004495a9","hash":"693b8358e72f8f09aa1819c56aaa0a5ff1527104"}
,"/Users/maxjr/Downloads/DEV/the-best-app/src/shared/config/i18n/i18n.ts": {"path":"/Users/maxjr/Downloads/DEV/the-best-app/src/shared/config/i18n/i18n.ts","statementMap":{"0":{"start":{"line":7,"column":0},"end":{"line":22,"column":5}}},"fnMap":{},"branchMap":{},"s":{"0":1},"f":{},"b":{},"_coverageSchema":"1a1c01bbd47fc00a2c39e90264f33305004495a9","hash":"f562e158599c7ac992b8e4dc8de0032df76d14ce"}
,"/Users/maxjr/Downloads/DEV/the-best-app/src/shared/config/i18n/i18nForTests.ts": {"path":"/Users/maxjr/Downloads/DEV/the-best-app/src/shared/config/i18n/i18nForTests.ts","statementMap":{"0":{"start":{"line":4,"column":0},"end":{"line":13,"column":3}}},"fnMap":{},"branchMap":{},"s":{"0":1},"f":{},"b":{},"_coverageSchema":"1a1c01bbd47fc00a2c39e90264f33305004495a9","hash":"65c97fb29d52e6490d7b2fe267f7f91bb8995aff"}
,"/Users/maxjr/Downloads/DEV/the-best-app/src/shared/lib/classNames/classNames.ts": {"path":"/Users/maxjr/Downloads/DEV/the-best-app/src/shared/lib/classNames/classNames.ts","statementMap":{"0":{"start":{"line":8,"column":2},"end":{"line":15,"column":14}},"1":{"start":{"line":13,"column":30},"end":{"line":13,"column":44}},"2":{"start":{"line":14,"column":28},"end":{"line":14,"column":37}}},"fnMap":{"0":{"name":"classNames","decl":{"start":{"line":3,"column":16},"end":{"line":3,"column":26}},"loc":{"start":{"line":7,"column":10},"end":{"line":16,"column":1}},"line":7},"1":{"name":"(anonymous_1)","decl":{"start":{"line":13,"column":14},"end":{"line":13,"column":15}},"loc":{"start":{"line":13,"column":30},"end":{"line":13,"column":44}},"line":13},"2":{"name":"(anonymous_2)","decl":{"start":{"line":14,"column":11},"end":{"line":14,"column":12}},"loc":{"start":{"line":14,"column":28},"end":{"line":14,"column":37}},"line":14}},"branchMap":{"0":{"loc":{"start":{"line":5,"column":2},"end":{"line":5,"column":33}},"type":"default-arg","locations":[{"start":{"line":5,"column":31},"end":{"line":5,"column":33}}],"line":5},"1":{"loc":{"start":{"line":6,"column":2},"end":{"line":6,"column":34}},"type":"default-arg","locations":[{"start":{"line":6,"column":32},"end":{"line":6,"column":34}}],"line":6}},"s":{"0":10,"1":11,"2":9},"f":{"0":10,"1":11,"2":9},"b":{"0":[1],"1":[1]},"_coverageSchema":"1a1c01bbd47fc00a2c39e90264f33305004495a9","hash":"014205524f594708aae34f43b722dc001de4bace"}
,"/Users/maxjr/Downloads/DEV/the-best-app/src/shared/lib/tests/renderWithTranslation/renderWithTranslation.tsx": {"path":"/Users/maxjr/Downloads/DEV/the-best-app/src/shared/lib/tests/renderWithTranslation/renderWithTranslation.tsx","statementMap":{"0":{"start":{"line":10,"column":2},"end":{"line":13,"column":4}}},"fnMap":{"0":{"name":"renderWithTranslation","decl":{"start":{"line":6,"column":16},"end":{"line":6,"column":37}},"loc":{"start":{"line":9,"column":2},"end":{"line":14,"column":1}},"line":9}},"branchMap":{},"s":{"0":1},"f":{"0":1},"b":{},"_coverageSchema":"1a1c01bbd47fc00a2c39e90264f33305004495a9","hash":"66107b3fa7aaa9fc07f0e816ada7598aaaa1639e"}
,"/Users/maxjr/Downloads/DEV/the-best-app/src/shared/ui/buttons/Button.tsx": {"path":"/Users/maxjr/Downloads/DEV/the-best-app/src/shared/ui/buttons/Button.tsx","statementMap":{"0":{"start":{"line":17,"column":39},"end":{"line":36,"column":1}},"1":{"start":{"line":24,"column":2},"end":{"line":35,"column":4}}},"fnMap":{"0":{"name":"(anonymous_0)","decl":{"start":{"line":17,"column":39},"end":{"line":17,"column":40}},"loc":{"start":{"line":23,"column":6},"end":{"line":36,"column":1}},"line":23}},"branchMap":{"0":{"loc":{"start":{"line":19,"column":2},"end":{"line":19,"column":12}},"type":"default-arg","locations":[{"start":{"line":19,"column":10},"end":{"line":19,"column":12}}],"line":19},"1":{"loc":{"start":{"line":20,"column":2},"end":{"line":20,"column":12}},"type":"default-arg","locations":[{"start":{"line":20,"column":10},"end":{"line":20,"column":12}}],"line":20},"2":{"loc":{"start":{"line":21,"column":2},"end":{"line":21,"column":16}},"type":"default-arg","locations":[{"start":{"line":21,"column":14},"end":{"line":21,"column":16}}],"line":21}},"s":{"0":2,"1":5},"f":{"0":5},"b":{"0":[2],"1":[3],"2":[5]},"_coverageSchema":"1a1c01bbd47fc00a2c39e90264f33305004495a9","hash":"471106283732c24814ebf74949ac6c922814b114"}
,"/Users/maxjr/Downloads/DEV/the-best-app/src/widgets/header/ui/Categories.tsx": {"path":"/Users/maxjr/Downloads/DEV/the-best-app/src/widgets/header/ui/Categories.tsx","statementMap":{"0":{"start":{"line":7,"column":16},"end":{"line":7,"column":32}},"1":{"start":{"line":9,"column":46},"end":{"line":9,"column":61}},"2":{"start":{"line":11,"column":67},"end":{"line":14,"column":3}},"3":{"start":{"line":12,"column":4},"end":{"line":12,"column":24}},"4":{"start":{"line":13,"column":4},"end":{"line":13,"column":39}},"5":{"start":{"line":13,"column":32},"end":{"line":13,"column":37}},"6":{"start":{"line":16,"column":2},"end":{"line":48,"column":4}},"7":{"start":{"line":19,"column":8},"end":{"line":19,"column":33}}},"fnMap":{"0":{"name":"Categories","decl":{"start":{"line":6,"column":24},"end":{"line":6,"column":34}},"loc":{"start":{"line":6,"column":37},"end":{"line":49,"column":1}},"line":6},"1":{"name":"(anonymous_1)","decl":{"start":{"line":11,"column":67},"end":{"line":11,"column":68}},"loc":{"start":{"line":11,"column":74},"end":{"line":14,"column":3}},"line":11},"2":{"name":"(anonymous_2)","decl":{"start":{"line":13,"column":22},"end":{"line":13,"column":23}},"loc":{"start":{"line":13,"column":32},"end":{"line":13,"column":37}},"line":13},"3":{"name":"(anonymous_3)","decl":{"start":{"line":18,"column":15},"end":{"line":18,"column":16}},"loc":{"start":{"line":18,"column":21},"end":{"line":20,"column":7}},"line":18}},"branchMap":{"0":{"loc":{"start":{"line":29,"column":7},"end":{"line":46,"column":7}},"type":"binary-expr","locations":[{"start":{"line":29,"column":7},"end":{"line":29,"column":21}},{"start":{"line":30,"column":8},"end":{"line":45,"column":14}}],"line":29}},"s":{"0":1,"1":1,"2":1,"3":0,"4":0,"5":0,"6":1,"7":0},"f":{"0":1,"1":0,"2":0,"3":0},"b":{"0":[1,0]},"_coverageSchema":"1a1c01bbd47fc00a2c39e90264f33305004495a9","hash":"8a6efe22848e442476216a58d98f41a8f6027f08"}
,"/Users/maxjr/Downloads/DEV/the-best-app/src/widgets/header/ui/Header.tsx": {"path":"/Users/maxjr/Downloads/DEV/the-best-app/src/widgets/header/ui/Header.tsx","statementMap":{"0":{"start":{"line":21,"column":16},"end":{"line":21,"column":32}},"1":{"start":{"line":22,"column":33},"end":{"line":22,"column":43}},"2":{"start":{"line":24,"column":25},"end":{"line":26,"column":3}},"3":{"start":{"line":25,"column":4},"end":{"line":25,"column":62}},"4":{"start":{"line":28,"column":19},"end":{"line":28,"column":32}},"5":{"start":{"line":29,"column":21},"end":{"line":31,"column":3}},"6":{"start":{"line":29,"column":37},"end":{"line":31,"column":3}},"7":{"start":{"line":30,"column":4},"end":{"line":30,"column":17}},"8":{"start":{"line":33,"column":2},"end":{"line":72,"column":4}}},"fnMap":{"0":{"name":"Header","decl":{"start":{"line":20,"column":16},"end":{"line":20,"column":22}},"loc":{"start":{"line":20,"column":25},"end":{"line":73,"column":1}},"line":20},"1":{"name":"(anonymous_1)","decl":{"start":{"line":24,"column":25},"end":{"line":24,"column":26}},"loc":{"start":{"line":24,"column":37},"end":{"line":26,"column":3}},"line":24},"2":{"name":"(anonymous_2)","decl":{"start":{"line":29,"column":21},"end":{"line":29,"column":22}},"loc":{"start":{"line":29,"column":37},"end":{"line":31,"column":3}},"line":29},"3":{"name":"(anonymous_3)","decl":{"start":{"line":29,"column":37},"end":{"line":29,"column":38}},"loc":{"start":{"line":29,"column":43},"end":{"line":31,"column":3}},"line":29}},"branchMap":{"0":{"loc":{"start":{"line":25,"column":24},"end":{"line":25,"column":60}},"type":"cond-expr","locations":[{"start":{"line":25,"column":49},"end":{"line":25,"column":53}},{"start":{"line":25,"column":56},"end":{"line":25,"column":60}}],"line":25},"1":{"loc":{"start":{"line":67,"column":13},"end":{"line":67,"column":62}},"type":"cond-expr","locations":[{"start":{"line":67,"column":36},"end":{"line":67,"column":47}},{"start":{"line":67,"column":50},"end":{"line":67,"column":62}}],"line":67}},"s":{"0":1,"1":1,"2":1,"3":0,"4":1,"5":1,"6":2,"7":0,"8":1},"f":{"0":1,"1":0,"2":2,"3":0},"b":{"0":[0,0],"1":[0,1]},"_coverageSchema":"1a1c01bbd47fc00a2c39e90264f33305004495a9","hash":"2605b83c4e858a2c19fd65c4d42c2f0d9be2f13d"}
}
