{"/Users/maxjr/Downloads/DEV/the-best-app/config/jest/jestEmptyComponent.tsx": {"path":"/Users/maxjr/Downloads/DEV/the-best-app/config/jest/jestEmptyComponent.tsx","statementMap":{"0":{"start":{"line":4,"column":27},"end":{"line":6,"column":1}},"1":{"start":{"line":5,"column":2},"end":{"line":5,"column":17}}},"fnMap":{"0":{"name":"(anonymous_0)","decl":{"start":{"line":4,"column":27},"end":{"line":4,"column":28}},"loc":{"start":{"line":4,"column":39},"end":{"line":6,"column":1}},"line":4}},"branchMap":{},"s":{"0":1,"1":4},"f":{"0":4},"b":{},"_coverageSchema":"1a1c01bbd47fc00a2c39e90264f33305004495a9","hash":"2a27a5adbaaac16ab3ccd95e495fed28042dc5b3"}
,"/Users/maxjr/Downloads/DEV/the-best-app/src/shared/config/i18n/i18n.ts": {"path":"/Users/maxjr/Downloads/DEV/the-best-app/src/shared/config/i18n/i18n.ts","statementMap":{"0":{"start":{"line":7,"column":0},"end":{"line":22,"column":5}}},"fnMap":{},"branchMap":{},"s":{"0":1},"f":{},"b":{},"_coverageSchema":"1a1c01bbd47fc00a2c39e90264f33305004495a9","hash":"f562e158599c7ac992b8e4dc8de0032df76d14ce"}
,"/Users/maxjr/Downloads/DEV/the-best-app/src/shared/config/i18n/i18nForTests.ts": {"path":"/Users/maxjr/Downloads/DEV/the-best-app/src/shared/config/i18n/i18nForTests.ts","statementMap":{"0":{"start":{"line":4,"column":0},"end":{"line":13,"column":3}}},"fnMap":{},"branchMap":{},"s":{"0":1},"f":{},"b":{},"_coverageSchema":"1a1c01bbd47fc00a2c39e90264f33305004495a9","hash":"65c97fb29d52e6490d7b2fe267f7f91bb8995aff"}
,"/Users/maxjr/Downloads/DEV/the-best-app/src/shared/lib/tests/renderWithTranslation/renderWithTranslation.tsx": {"path":"/Users/maxjr/Downloads/DEV/the-best-app/src/shared/lib/tests/renderWithTranslation/renderWithTranslation.tsx","statementMap":{"0":{"start":{"line":10,"column":2},"end":{"line":13,"column":4}}},"fnMap":{"0":{"name":"renderWithTranslation","decl":{"start":{"line":6,"column":16},"end":{"line":6,"column":37}},"loc":{"start":{"line":9,"column":2},"end":{"line":14,"column":1}},"line":9}},"branchMap":{},"s":{"0":1},"f":{"0":1},"b":{},"_coverageSchema":"1a1c01bbd47fc00a2c39e90264f33305004495a9","hash":"66107b3fa7aaa9fc07f0e816ada7598aaaa1639e"}
,"/Users/maxjr/Downloads/DEV/the-best-app/src/shared/ui/buttons/Button.tsx": {"path":"/Users/maxjr/Downloads/DEV/the-best-app/src/shared/ui/buttons/Button.tsx","statementMap":{"0":{"start":{"line":10,"column":39},"end":{"line":19,"column":1}},"1":{"start":{"line":15,"column":2},"end":{"line":18,"column":11}}},"fnMap":{"0":{"name":"(anonymous_0)","decl":{"start":{"line":10,"column":39},"end":{"line":10,"column":40}},"loc":{"start":{"line":15,"column":2},"end":{"line":18,"column":11}},"line":15},"1":{"name":"(anonymous_1)","decl":{"start":{"line":13,"column":12},"end":{"line":13,"column":13}},"loc":{"start":{"line":13,"column":18},"end":{"line":13,"column":20}},"line":13}},"branchMap":{"0":{"loc":{"start":{"line":12,"column":2},"end":{"line":12,"column":12}},"type":"default-arg","locations":[{"start":{"line":12,"column":10},"end":{"line":12,"column":12}}],"line":12},"1":{"loc":{"start":{"line":13,"column":2},"end":{"line":13,"column":20}},"type":"default-arg","locations":[{"start":{"line":13,"column":12},"end":{"line":13,"column":20}}],"line":13}},"s":{"0":1,"1":3},"f":{"0":3,"1":0},"b":{"0":[1],"1":[0]},"_coverageSchema":"1a1c01bbd47fc00a2c39e90264f33305004495a9","hash":"3137b8cf27eede7cfa91f0f741c8364a7374da4a"}
,"/Users/maxjr/Downloads/DEV/the-best-app/src/widgets/header/ui/Categories.tsx": {"path":"/Users/maxjr/Downloads/DEV/the-best-app/src/widgets/header/ui/Categories.tsx","statementMap":{"0":{"start":{"line":7,"column":16},"end":{"line":7,"column":32}},"1":{"start":{"line":9,"column":46},"end":{"line":9,"column":61}},"2":{"start":{"line":11,"column":67},"end":{"line":14,"column":3}},"3":{"start":{"line":12,"column":4},"end":{"line":12,"column":24}},"4":{"start":{"line":13,"column":4},"end":{"line":13,"column":39}},"5":{"start":{"line":13,"column":32},"end":{"line":13,"column":37}},"6":{"start":{"line":16,"column":2},"end":{"line":48,"column":4}},"7":{"start":{"line":19,"column":8},"end":{"line":19,"column":33}}},"fnMap":{"0":{"name":"Categories","decl":{"start":{"line":6,"column":24},"end":{"line":6,"column":34}},"loc":{"start":{"line":6,"column":37},"end":{"line":49,"column":1}},"line":6},"1":{"name":"(anonymous_1)","decl":{"start":{"line":11,"column":67},"end":{"line":11,"column":68}},"loc":{"start":{"line":11,"column":74},"end":{"line":14,"column":3}},"line":11},"2":{"name":"(anonymous_2)","decl":{"start":{"line":13,"column":22},"end":{"line":13,"column":23}},"loc":{"start":{"line":13,"column":32},"end":{"line":13,"column":37}},"line":13},"3":{"name":"(anonymous_3)","decl":{"start":{"line":18,"column":15},"end":{"line":18,"column":16}},"loc":{"start":{"line":18,"column":21},"end":{"line":20,"column":7}},"line":18}},"branchMap":{"0":{"loc":{"start":{"line":29,"column":7},"end":{"line":46,"column":7}},"type":"binary-expr","locations":[{"start":{"line":29,"column":7},"end":{"line":29,"column":21}},{"start":{"line":30,"column":8},"end":{"line":45,"column":14}}],"line":29}},"s":{"0":1,"1":1,"2":1,"3":0,"4":0,"5":0,"6":1,"7":0},"f":{"0":1,"1":0,"2":0,"3":0},"b":{"0":[1,0]},"_coverageSchema":"1a1c01bbd47fc00a2c39e90264f33305004495a9","hash":"8a6efe22848e442476216a58d98f41a8f6027f08"}
,"/Users/maxjr/Downloads/DEV/the-best-app/src/widgets/header/ui/Header.tsx": {"path":"/Users/maxjr/Downloads/DEV/the-best-app/src/widgets/header/ui/Header.tsx","statementMap":{"0":{"start":{"line":17,"column":16},"end":{"line":17,"column":32}},"1":{"start":{"line":18,"column":25},"end":{"line":20,"column":3}},"2":{"start":{"line":19,"column":4},"end":{"line":19,"column":62}},"3":{"start":{"line":22,"column":19},"end":{"line":22,"column":32}},"4":{"start":{"line":23,"column":21},"end":{"line":25,"column":3}},"5":{"start":{"line":23,"column":37},"end":{"line":25,"column":3}},"6":{"start":{"line":24,"column":4},"end":{"line":24,"column":17}},"7":{"start":{"line":27,"column":2},"end":{"line":58,"column":4}}},"fnMap":{"0":{"name":"Header","decl":{"start":{"line":16,"column":16},"end":{"line":16,"column":22}},"loc":{"start":{"line":16,"column":25},"end":{"line":59,"column":1}},"line":16},"1":{"name":"(anonymous_1)","decl":{"start":{"line":18,"column":25},"end":{"line":18,"column":26}},"loc":{"start":{"line":18,"column":37},"end":{"line":20,"column":3}},"line":18},"2":{"name":"(anonymous_2)","decl":{"start":{"line":23,"column":21},"end":{"line":23,"column":22}},"loc":{"start":{"line":23,"column":37},"end":{"line":25,"column":3}},"line":23},"3":{"name":"(anonymous_3)","decl":{"start":{"line":23,"column":37},"end":{"line":23,"column":38}},"loc":{"start":{"line":23,"column":43},"end":{"line":25,"column":3}},"line":23}},"branchMap":{"0":{"loc":{"start":{"line":19,"column":24},"end":{"line":19,"column":60}},"type":"cond-expr","locations":[{"start":{"line":19,"column":49},"end":{"line":19,"column":53}},{"start":{"line":19,"column":56},"end":{"line":19,"column":60}}],"line":19}},"s":{"0":1,"1":1,"2":0,"3":1,"4":1,"5":2,"6":0,"7":1},"f":{"0":1,"1":0,"2":2,"3":0},"b":{"0":[0,0]},"_coverageSchema":"1a1c01bbd47fc00a2c39e90264f33305004495a9","hash":"8e45874a08aa3ed4c6caa57062f8fe2b033a7d1c"}
}
