TN:
SF:config/jest/jestEmptyComponent.tsx
FN:4,(anonymous_0)
FNF:1
FNH:1
FNDA:5,(anonymous_0)
DA:4,1
DA:5,5
LF:2
LH:2
BRF:0
BRH:0
end_of_record
TN:
SF:src/app/providers/themeProvider/index.tsx
FNF:0
FNH:0
LF:0
LH:0
BRF:0
BRH:0
end_of_record
TN:
SF:src/app/providers/themeProvider/lib/ThemeContext.ts
FNF:0
FNH:0
DA:13,1
DA:15,1
LF:2
LH:2
BRF:0
BRH:0
end_of_record
TN:
SF:src/app/providers/themeProvider/lib/useTheme.ts
FN:9,useTheme
FN:11,(anonymous_1)
FNF:2
FNH:1
FNDA:1,useTheme
FNDA:0,(anonymous_1)
DA:10,1
DA:11,1
DA:12,0
DA:13,0
DA:14,0
DA:16,1
LF:6
LH:3
BRDA:12,0,0,0
BRDA:12,0,1,0
BRF:2
BRH:0
end_of_record
TN:
SF:src/app/providers/themeProvider/ui/ThemeProvider.tsx
FN:15,(anonymous_0)
FN:19,(anonymous_1)
FNF:2
FNH:0
FNDA:0,(anonymous_0)
FNDA:0,(anonymous_1)
DA:9,1
DA:15,1
DA:16,0
DA:18,0
DA:19,0
DA:26,0
LF:6
LH:2
BRDA:9,0,0,1
BRDA:9,0,1,1
BRF:2
BRH:2
end_of_record
TN:
SF:src/shared/config/i18n/i18n.ts
FNF:0
FNH:0
DA:7,1
LF:1
LH:1
BRF:0
BRH:0
end_of_record
TN:
SF:src/shared/config/i18n/i18nForTests.ts
FNF:0
FNH:0
DA:4,1
LF:1
LH:1
BRF:0
BRH:0
end_of_record
TN:
SF:src/shared/lib/classNames/classNames.ts
FN:3,classNames
FN:13,(anonymous_1)
FN:14,(anonymous_2)
FNF:3
FNH:3
FNDA:10,classNames
FNDA:11,(anonymous_1)
FNDA:9,(anonymous_2)
DA:8,10
DA:13,11
DA:14,9
LF:3
LH:3
BRDA:5,0,0,1
BRDA:6,1,0,1
BRF:2
BRH:2
end_of_record
TN:
SF:src/shared/lib/tests/renderWithTranslation/renderWithTranslation.tsx
FN:6,renderWithTranslation
FNF:1
FNH:1
FNDA:1,renderWithTranslation
DA:10,1
LF:1
LH:1
BRF:0
BRH:0
end_of_record
TN:
SF:src/shared/ui/buttons/Button.tsx
FN:17,(anonymous_0)
FNF:1
FNH:1
FNDA:5,(anonymous_0)
DA:17,2
DA:24,5
LF:2
LH:2
BRDA:19,0,0,2
BRDA:20,1,0,3
BRDA:21,2,0,5
BRF:3
BRH:3
end_of_record
TN:
SF:src/widgets/header/ui/Categories.tsx
FN:6,Categories
FN:11,(anonymous_1)
FN:13,(anonymous_2)
FN:18,(anonymous_3)
FNF:4
FNH:1
FNDA:1,Categories
FNDA:0,(anonymous_1)
FNDA:0,(anonymous_2)
FNDA:0,(anonymous_3)
DA:7,1
DA:9,1
DA:11,1
DA:12,0
DA:13,0
DA:16,1
DA:19,0
LF:7
LH:4
BRDA:29,0,0,1
BRDA:29,0,1,0
BRF:2
BRH:1
end_of_record
TN:
SF:src/widgets/header/ui/Header.tsx
FN:20,Header
FN:24,(anonymous_1)
FN:29,(anonymous_2)
FN:29,(anonymous_3)
FNF:4
FNH:2
FNDA:1,Header
FNDA:0,(anonymous_1)
FNDA:2,(anonymous_2)
FNDA:0,(anonymous_3)
DA:21,1
DA:22,1
DA:24,1
DA:25,0
DA:28,1
DA:29,2
DA:30,0
DA:33,1
LF:8
LH:6
BRDA:25,0,0,0
BRDA:25,0,1,0
BRDA:67,1,0,0
BRDA:67,1,1,1
BRF:4
BRH:1
end_of_record
